<?xml version="1.0" encoding="UTF-8"?>
<testsuite xmlns:xsi="http://www.w3.org/2001/XMLSchema-instance" xsi:noNamespaceSchemaLocation="https://maven.apache.org/surefire/maven-surefire-plugin/xsd/surefire-test-report.xsd" version="3.0.2" name="com.example.aws_lambda_optimization.AwsLambdaOptimizationApplicationTests" time="4.982" tests="1" errors="0" skipped="0" failures="0">
  <properties>
[...]
</properties>
  <testcase name="contextLoads" classname="com.example.aws_lambda_optimization.AwsLambdaOptimizationApplicationTests" time="1.672">
    <system-out><![CDATA[19:24:11.174 [main] INFO org.springframework.test.context.support.AnnotationConfigContextLoaderUtils -- Could not detect default configuration classes for test class [com.example.aws_lambda_optimization.AwsLambdaOptimizationApplicationTests]: AwsLambdaOptimizationApplicationTests does not declare any static, non-private, non-final, nested classes annotated with @Configuration.
19:24:11.346 [main] INFO org.springframework.boot.test.context.SpringBootTestContextBootstrapper -- Found @SpringBootConfiguration com.example.aws_lambda_optimization.AwsLambdaOptimizationApplication for test class com.example.aws_lambda_optimization.AwsLambdaOptimizationApplicationTests

  .   ____          _            __ _ _
 /\\ / ___'_ __ _ _(_)_ __  __ _ \ \ \ \
( ( )\___ | '_ | '_| | '_ \/ _` | \ \ \ \
 \\/  ___)| |_)| | | | | || (_| |  ) ) ) )
  '  |____| .__|_| |_|_| |_\__, | / / / /
 =========|_|==============|___/=/_/_/_/

 :: Spring Boot ::                (v3.4.3)

2025-03-12T19:24:12.030+05:30  INFO 16280 --- [aws-lambda-optimization] [           main] .a.AwsLambdaOptimizationApplicationTests : Starting AwsLambdaOptimizationApplicationTests using Java 21.0.1 with PID 16280 (started by LENOVO in D:\Rohit\Qloron internship tasks\aws-lambda-optimization\aws-lambda-optimization)
2025-03-12T19:24:12.032+05:30  INFO 16280 --- [aws-lambda-optimization] [           main] .a.AwsLambdaOptimizationApplicationTests : No active profile set, falling back to 1 default profile: "default"
2025-03-12T19:24:14.155+05:30  INFO 16280 --- [aws-lambda-optimization] [           main] .a.AwsLambdaOptimizationApplicationTests : Started AwsLambdaOptimizationApplicationTests in 2.604 seconds (process running for 4.237)
]]></system-out>
    <system-err><![CDATA[Mockito is currently self-attaching to enable the inline-mock-maker. This will no longer work in future releases of the JDK. Please add Mockito as an agent to your build what is described in Mockito's documentation: https://javadoc.io/doc/org.mockito/mockito-core/latest/org/mockito/Mockito.html#0.3
WARNING: A Java agent has been loaded dynamically (C:\Users\LENOVO\.m2\repository\net\bytebuddy\byte-buddy-agent\1.15.11\byte-buddy-agent-1.15.11.jar)
WARNING: If a serviceability tool is in use, please run with -XX:+EnableDynamicAgentLoading to hide this warning
WARNING: If a serviceability tool is not in use, please run with -Djdk.instrument.traceUsage for more information
WARNING: Dynamic loading of agents will be disallowed by default in a future release
]]></system-err>
  </testcase>
</testsuite>